<?xml version="1.0" encoding="UTF-8"?>
<!-- Generated by org.testng.reporters.JUnitXMLReporter -->
<testsuite ignored="2" hostname="set-fathir.local" failures="1" tests="1" name="Surefire test" time="41.544" errors="0" timestamp="2024-03-30T17:20:31 WIB">
  <testcase classname="InitTest" name="@AfterMethod tearDown" time="0.002">
    <failure type="java.lang.NullPointerException">
      <![CDATA[java.lang.NullPointerException
at InitTest.tearDown(InitTest.java:40)
at java.base/java.util.ArrayList.forEach(ArrayList.java:1541)
... Removed 37 stack frames]]>
    </failure>
  </testcase> <!-- @AfterMethod tearDown -->
  <testcase classname="CheckoutTests" name="successfulCheckoutTest" time="28.723">
    <failure type="org.openqa.selenium.TimeoutException" message="Expected condition failed: waiting for visibility of element located by By.cssSelector: div.trans-status.trans-success (tried for 20 second(s) with 500 milliseconds interval)
Build info: version: &amp;apos;4.19.0&amp;apos;, revision: &amp;apos;5f9cec8963&amp;apos;
System info: os.name: &amp;apos;Mac OS X&amp;apos;, os.arch: &amp;apos;x86_64&amp;apos;, os.version: &amp;apos;13.4.1&amp;apos;, java.version: &amp;apos;11.0.22&amp;apos;
Driver info: org.openqa.selenium.firefox.FirefoxDriver
Capabilities {acceptInsecureCerts: true, browserName: firefox, browserVersion: 102.15.1, moz:accessibilityChecks: false, moz:buildID: 20230912014407, moz:debuggerAddress: localhost:31286, moz:geckodriverVersion: 0.31.0, moz:headless: false, moz:processID: 50273, moz:profile: /var/folders/9p/1z4y75457f1..., moz:shutdownTimeout: 60000, moz:useNonSpecCompliantPointerOrigin: false, moz:webdriverClick: true, moz:windowless: false, pageLoadStrategy: normal, platformName: mac, platformVersion: 22.5.0, proxy: Proxy(), se:cdp: ws://localhost:31286/devtoo..., se:cdpVersion: 85.0, setWindowRect: true, strictFileInteractability: false, timeouts: {implicit: 0, pageLoad: 300000, script: 30000}, unhandledPromptBehavior: dismiss and notify}
Session ID: 9b13059f-7c49-4873-87d6-4fa411216b7c">
      <![CDATA[org.openqa.selenium.TimeoutException: Expected condition failed: waiting for visibility of element located by By.cssSelector: div.trans-status.trans-success (tried for 20 second(s) with 500 milliseconds interval)
Build info: version: '4.19.0', revision: '5f9cec8963'
System info: os.name: 'Mac OS X', os.arch: 'x86_64', os.version: '13.4.1', java.version: '11.0.22'
Driver info: org.openqa.selenium.firefox.FirefoxDriver
Capabilities {acceptInsecureCerts: true, browserName: firefox, browserVersion: 102.15.1, moz:accessibilityChecks: false, moz:buildID: 20230912014407, moz:debuggerAddress: localhost:31286, moz:geckodriverVersion: 0.31.0, moz:headless: false, moz:processID: 50273, moz:profile: /var/folders/9p/1z4y75457f1..., moz:shutdownTimeout: 60000, moz:useNonSpecCompliantPointerOrigin: false, moz:webdriverClick: true, moz:windowless: false, pageLoadStrategy: normal, platformName: mac, platformVersion: 22.5.0, proxy: Proxy(), se:cdp: ws://localhost:31286/devtoo..., se:cdpVersion: 85.0, setWindowRect: true, strictFileInteractability: false, timeouts: {implicit: 0, pageLoad: 300000, script: 30000}, unhandledPromptBehavior: dismiss and notify}
Session ID: 9b13059f-7c49-4873-87d6-4fa411216b7c
at org.openqa.selenium.support.ui.WebDriverWait.timeoutException(WebDriverWait.java:84)
at org.openqa.selenium.support.ui.FluentWait.until(FluentWait.java:228)
at PaymentPage.getTransactionStatus(PaymentPage.java:60)
at CheckoutTests.successfulCheckoutTest(CheckoutTests.java:52)
at java.base/java.util.ArrayList.forEach(ArrayList.java:1541)
... Removed 32 stack frames]]>
    </failure>
  </testcase> <!-- successfulCheckoutTest -->
  <testcase classname="CheckoutTests" name="checkoutWithInvalidCardTest" time="0.0">
    <ignored/>
  </testcase> <!-- checkoutWithInvalidCardTest -->
  <testcase classname="CheckoutTests" name="checkoutWithExpiredDateTest" time="0.0">
    <ignored/>
  </testcase> <!-- checkoutWithExpiredDateTest -->
</testsuite> <!-- Surefire test -->
